[INFO] Scanning for projects...
[INFO] 
[INFO] ----------------------< com.example:FamilyLeague >----------------------
[INFO] Building FamilyLeague 0.0.1-SNAPSHOT
[INFO]   from pom.xml
[INFO] --------------------------------[ jar ]---------------------------------
[INFO] 
[INFO] >>> spring-boot:4.0.6:run (default-cli) > test-compile @ FamilyLeague >>>
[INFO] 
[INFO] --- resources:3.3.1:resources (default-resources) @ FamilyLeague ---
[INFO] Copying 1 resource from src/main/resources to target/classes
[INFO] Copying 3 resources from src/main/resources to target/classes
[INFO] 
[INFO] --- compiler:3.14.1:compile (default-compile) @ FamilyLeague ---
[INFO] Nothing to compile - all classes are up to date.
[INFO] 
[INFO] --- resources:3.3.1:testResources (default-testResources) @ FamilyLeague ---
[INFO] skip non existing resourceDirectory /Users/abhilash/Documents/workspace-spring-tools-for-eclipse-5.1.1.RELEASE/FamilyLeague/src/test/resources
[INFO] 
[INFO] --- compiler:3.14.1:testCompile (default-testCompile) @ FamilyLeague ---
[INFO] Nothing to compile - all classes are up to date.
[INFO] 
[INFO] <<< spring-boot:4.0.6:run (default-cli) < test-compile @ FamilyLeague <<<
[INFO] 
[INFO] 
[INFO] --- spring-boot:4.0.6:run (default-cli) @ FamilyLeague ---
[INFO] Attaching agents: []

  .   ____          _            __ _ _
 /\\ / ___'_ __ _ _(_)_ __  __ _ \ \ \ \
( ( )\___ | '_ | '_| | '_ \/ _` | \ \ \ \
 \\/  ___)| |_)| | | | | || (_| |  ) ) ) )
  '  |____| .__|_| |_|_| |_\__, | / / / /
 =========|_|==============|___/=/_/_/_/

 :: Spring Boot ::                (v4.0.6)

2026-04-25 12:56:17 [main] INFO  c.f.FamilyLeagueApplication - Starting FamilyLeagueApplication using Java 25.0.2 with PID 39963 (/Users/abhilash/Documents/workspace-spring-tools-for-eclipse-5.1.1.RELEASE/FamilyLeague/target/classes started by abhilash in /Users/abhilash/Documents/workspace-spring-tools-for-eclipse-5.1.1.RELEASE/FamilyLeague)
2026-04-25 12:56:17 [main] DEBUG c.f.FamilyLeagueApplication - Running with Spring Boot v4.0.6, Spring v7.0.7
2026-04-25 12:56:17 [main] INFO  c.f.FamilyLeagueApplication - No active profile set, falling back to 1 default profile: "default"
2026-04-25 12:56:18 [main] INFO  o.s.d.r.c.RepositoryConfigurationDelegate - Bootstrapping Spring Data JPA repositories in DEFAULT mode.
2026-04-25 12:56:18 [main] INFO  o.s.d.r.c.RepositoryConfigurationDelegate - Finished Spring Data repository scanning in 47 ms. Found 15 JPA repository interfaces.
2026-04-25 12:56:18 [main] INFO  o.s.boot.tomcat.TomcatWebServer - Tomcat initialized with port 8080 (http)
2026-04-25 12:56:18 [main] INFO  o.a.catalina.core.StandardService - Starting service [Tomcat]
2026-04-25 12:56:18 [main] INFO  o.a.catalina.core.StandardEngine - Starting Servlet engine: [Apache Tomcat/11.0.21]
2026-04-25 12:56:18 [main] INFO  o.s.b.w.c.s.WebApplicationContextInitializer - Root WebApplicationContext: initialization completed in 1321 ms
2026-04-25 12:56:19 [main] INFO  org.hibernate.orm.jpa - HHH008540: Processing PersistenceUnitInfo [name: default]
2026-04-25 12:56:19 [main] INFO  org.hibernate.orm.core - HHH000001: Hibernate ORM core version 7.2.12.Final
2026-04-25 12:56:19 [main] INFO  o.s.o.j.p.SpringPersistenceUnitInfo - No LoadTimeWeaver setup: ignoring JPA class transformer
2026-04-25 12:56:19 [main] INFO  com.zaxxer.hikari.HikariDataSource - HikariPool-1 - Starting...
2026-04-25 12:56:19 [main] INFO  com.zaxxer.hikari.pool.HikariPool - HikariPool-1 - Added connection org.postgresql.jdbc.PgConnection@52f7fa65
2026-04-25 12:56:19 [main] INFO  com.zaxxer.hikari.HikariDataSource - HikariPool-1 - Start completed.
2026-04-25 12:56:19 [main] WARN  org.hibernate.orm.deprecation - HHH90000025: PostgreSQLDialect does not need to be specified explicitly using 'hibernate.dialect' (remove the property setting and it will be selected by default)
2026-04-25 12:56:19 [main] INFO  o.hibernate.orm.connections.pooling - HHH10001005: Database info:
	Database JDBC URL [jdbc:postgresql://localhost:5432/family-league]
	Database driver: PostgreSQL JDBC Driver
	Database dialect: PostgreSQLDialect
	Database version: 18.3
	Default catalog/schema: family-league/public
	Autocommit mode: undefined/unknown
	Isolation level: READ_COMMITTED [default READ_COMMITTED]
	JDBC fetch size: none
	Pool: DataSourceConnectionProvider
	Minimum pool size: undefined/unknown
	Maximum pool size: undefined/unknown
2026-04-25 12:56:20 [main] INFO  org.hibernate.orm.core - HHH000489: No JTA platform available (set 'hibernate.transaction.jta.platform' to enable JTA platform integration)
2026-04-25 12:56:20 [main] INFO  o.s.o.j.LocalContainerEntityManagerFactoryBean - Initialized JPA EntityManagerFactory for persistence unit 'default'
2026-04-25 12:56:20 [main] INFO  o.s.d.j.r.q.QueryEnhancerFactories - Hibernate is in classpath; If applicable, HQL parser will be used.
2026-04-25 12:56:20 [main] DEBUG c.f.auth.security.JwtAuthFilter - Filter 'jwtAuthFilter' configured for use
2026-04-25 12:56:20 [main] INFO  o.s.s.c.a.a.c.InitializeAuthenticationProviderBeanManagerConfigurer$InitializeAuthenticationProviderManagerConfigurer - Global AuthenticationManager configured with AuthenticationProvider bean with name authenticationProvider
2026-04-25 12:56:20 [main] WARN  o.s.s.c.a.a.c.InitializeUserDetailsBeanManagerConfigurer$InitializeUserDetailsManagerConfigurer - Global AuthenticationManager configured with an AuthenticationProvider bean. UserDetailsService beans will not be used by Spring Security for automatically configuring username/password login. Consider removing the AuthenticationProvider bean. Alternatively, consider using the UserDetailsService in a manually instantiated DaoAuthenticationProvider. If the current configuration is intentional, to turn off this warning, increase the logging level of 'org.springframework.security.config.annotation.authentication.configuration.InitializeUserDetailsBeanManagerConfigurer' to ERROR
2026-04-25 12:56:21 [main] WARN  o.s.b.j.a.JpaBaseConfiguration$JpaWebConfiguration - spring.jpa.open-in-view is enabled by default. Therefore, database queries may be performed during view rendering. Explicitly configure spring.jpa.open-in-view to disable this warning
2026-04-25 12:56:22 [main] INFO  o.s.b.a.e.web.EndpointLinksResolver - Exposing 3 endpoints beneath base path '/actuator'
2026-04-25 12:56:22 [main] INFO  o.s.boot.tomcat.TomcatWebServer - Tomcat started on port 8080 (http) with context path '/'
2026-04-25 12:56:22 [main] INFO  c.f.FamilyLeagueApplication - Started FamilyLeagueApplication in 5.156 seconds (process running for 5.399)
2026-04-25 12:56:22 [scheduling-1] DEBUG c.f.p.s.PredictionLockScheduler - Running prediction lock check
2026-04-25 12:56:31 [http-nio-8080-exec-1] INFO  o.a.c.c.C.[Tomcat].[localhost].[/] - Initializing Spring DispatcherServlet 'dispatcherServlet'
2026-04-25 12:56:31 [http-nio-8080-exec-1] INFO  o.s.web.servlet.DispatcherServlet - Initializing Servlet 'dispatcherServlet'
2026-04-25 12:56:31 [http-nio-8080-exec-1] INFO  o.s.web.servlet.DispatcherServlet - Completed initialization in 2 ms
2026-04-25 12:57:22 [scheduling-1] DEBUG c.f.p.s.PredictionLockScheduler - Running prediction lock check
2026-04-25 12:58:22 [scheduling-1] DEBUG c.f.p.s.PredictionLockScheduler - Running prediction lock check
2026-04-25 12:59:22 [scheduling-1] DEBUG c.f.p.s.PredictionLockScheduler - Running prediction lock check
2026-04-25 13:00:22 [scheduling-1] DEBUG c.f.p.s.PredictionLockScheduler - Running prediction lock check
2026-04-25 13:01:22 [scheduling-1] DEBUG c.f.p.s.PredictionLockScheduler - Running prediction lock check
2026-04-25 13:02:22 [scheduling-1] DEBUG c.f.p.s.PredictionLockScheduler - Running prediction lock check
2026-04-25 13:03:22 [scheduling-1] DEBUG c.f.p.s.PredictionLockScheduler - Running prediction lock check
2026-04-25 13:04:22 [scheduling-1] DEBUG c.f.p.s.PredictionLockScheduler - Running prediction lock check
2026-04-25 13:05:22 [scheduling-1] DEBUG c.f.p.s.PredictionLockScheduler - Running prediction lock check
2026-04-25 13:06:22 [scheduling-1] DEBUG c.f.p.s.PredictionLockScheduler - Running prediction lock check
2026-04-25 13:07:22 [scheduling-1] DEBUG c.f.p.s.PredictionLockScheduler - Running prediction lock check
2026-04-25 13:08:22 [scheduling-1] DEBUG c.f.p.s.PredictionLockScheduler - Running prediction lock check
2026-04-25 13:09:22 [scheduling-1] DEBUG c.f.p.s.PredictionLockScheduler - Running prediction lock check
2026-04-25 13:10:22 [scheduling-1] DEBUG c.f.p.s.PredictionLockScheduler - Running prediction lock check
2026-04-25 13:11:22 [scheduling-1] DEBUG c.f.p.s.PredictionLockScheduler - Running prediction lock check
2026-04-25 13:12:22 [scheduling-1] DEBUG c.f.p.s.PredictionLockScheduler - Running prediction lock check
2026-04-25 13:13:22 [scheduling-1] DEBUG c.f.p.s.PredictionLockScheduler - Running prediction lock check
2026-04-25 13:29:11 [HikariPool-1:housekeeper] WARN  com.zaxxer.hikari.pool.HikariPool - HikariPool-1 - Thread starvation or clock leap detected (housekeeper delta=15m51s669ms).
2026-04-25 13:29:44 [scheduling-1] DEBUG c.f.p.s.PredictionLockScheduler - Running prediction lock check
2026-04-25 13:46:43 [HikariPool-1:housekeeper] WARN  com.zaxxer.hikari.pool.HikariPool - HikariPool-1 - Thread starvation or clock leap detected (housekeeper delta=17m2s54ms).
2026-04-25 13:47:16 [scheduling-1] DEBUG c.f.p.s.PredictionLockScheduler - Running prediction lock check
2026-04-25 13:55:36 [HikariPool-1:housekeeper] WARN  com.zaxxer.hikari.pool.HikariPool - HikariPool-1 - Thread starvation or clock leap detected (housekeeper delta=8m22s745ms).
2026-04-25 13:56:09 [scheduling-1] DEBUG c.f.p.s.PredictionLockScheduler - Running prediction lock check
2026-04-25 13:57:09 [scheduling-1] DEBUG c.f.p.s.PredictionLockScheduler - Running prediction lock check
2026-04-25 13:58:09 [scheduling-1] DEBUG c.f.p.s.PredictionLockScheduler - Running prediction lock check
2026-04-25 13:59:09 [scheduling-1] DEBUG c.f.p.s.PredictionLockScheduler - Running prediction lock check
2026-04-25 14:00:09 [scheduling-1] DEBUG c.f.p.s.PredictionLockScheduler - Running prediction lock check
2026-04-25 14:01:09 [scheduling-1] DEBUG c.f.p.s.PredictionLockScheduler - Running prediction lock check
2026-04-25 14:02:09 [scheduling-1] DEBUG c.f.p.s.PredictionLockScheduler - Running prediction lock check
2026-04-25 14:02:15 [http-nio-8080-exec-2] INFO  c.f.auth.service.AuthService - New user registered: abhilash
2026-04-25 14:03:02 [http-nio-8080-exec-4] INFO  c.f.auth.service.AuthService - User logged in: abhilash
2026-04-25 14:03:09 [scheduling-1] DEBUG c.f.p.s.PredictionLockScheduler - Running prediction lock check
2026-04-25 14:04:09 [scheduling-1] DEBUG c.f.p.s.PredictionLockScheduler - Running prediction lock check
2026-04-25 14:04:42 [http-nio-8080-exec-3] INFO  o.s.api.AbstractOpenApiResource - Init duration for springdoc-openapi is: 475 ms
2026-04-25 14:05:09 [scheduling-1] DEBUG c.f.p.s.PredictionLockScheduler - Running prediction lock check
[INFO] ------------------------------------------------------------------------
[INFO] BUILD FAILURE
[INFO] ------------------------------------------------------------------------
[INFO] Total time:  01:09 h
[INFO] Finished at: 2026-04-25T14:05:29+05:30
[INFO] ------------------------------------------------------------------------
[ERROR] Failed to execute goal org.springframework.boot:spring-boot-maven-plugin:4.0.6:run (default-cli) on project FamilyLeague: Process terminated with exit code: 137 -> [Help 1]
[ERROR] 
[ERROR] To see the full stack trace of the errors, re-run Maven with the -e switch.
[ERROR] Re-run Maven using the -X switch to enable full debug logging.
[ERROR] 
[ERROR] For more information about the errors and possible solutions, please read the following articles:
[ERROR] [Help 1] http://cwiki.apache.org/confluence/display/MAVEN/MojoExecutionException
- Running with Spring Boot v4.0.6, Spring v7.0.7
2026-04-25 14:04:39 [main] INFO  c.f.FamilyLeagueApplication - No active profile set, falling back to 1 default profile: "default"
2026-04-25 14:04:40 [main] INFO  o.s.d.r.c.RepositoryConfigurationDelegate - Bootstrapping Spring Data JPA repositories in DEFAULT mode.
2026-04-25 14:04:40 [main] INFO  o.s.d.r.c.RepositoryConfigurationDelegate - Finished Spring Data repository scanning in 62 ms. Found 15 JPA repository interfaces.
2026-04-25 14:04:41 [main] INFO  o.s.boot.tomcat.TomcatWebServer - Tomcat initialized with port 8080 (http)
2026-04-25 14:04:41 [main] INFO  o.a.catalina.core.StandardService - Starting service [Tomcat]
2026-04-25 14:04:41 [main] INFO  o.a.catalina.core.StandardEngine - Starting Servlet engine: [Apache Tomcat/11.0.21]
2026-04-25 14:04:41 [main] INFO  o.s.b.w.c.s.WebApplicationContextInitializer - Root WebApplicationContext: initialization completed in 1703 ms
2026-04-25 14:04:41 [main] INFO  org.hibernate.orm.jpa - HHH008540: Processing PersistenceUnitInfo [name: default]
2026-04-25 14:04:42 [main] INFO  org.hibernate.orm.core - HHH000001: Hibernate ORM core version 7.2.12.Final
2026-04-25 14:04:42 [main] INFO  o.s.o.j.p.SpringPersistenceUnitInfo - No LoadTimeWeaver setup: ignoring JPA class transformer
2026-04-25 14:04:42 [main] INFO  com.zaxxer.hikari.HikariDataSource - HikariPool-1 - Starting...
2026-04-25 14:04:42 [main] INFO  com.zaxxer.hikari.pool.HikariPool - HikariPool-1 - Added connection org.postgresql.jdbc.PgConnection@52f7fa65
2026-04-25 14:04:42 [main] INFO  com.zaxxer.hikari.HikariDataSource - HikariPool-1 - Start completed.
2026-04-25 14:04:42 [http-nio-8080-exec-3] INFO  o.s.api.AbstractOpenApiResource - Init duration for springdoc-openapi is: 475 ms
2026-04-25 14:04:42 [main] WARN  org.hibernate.orm.deprecation - HHH90000025: PostgreSQLDialect does not need to be specified explicitly using 'hibernate.dialect' (remove the property setting and it will be selected by default)
2026-04-25 14:04:42 [main] INFO  o.hibernate.orm.connections.pooling - HHH10001005: Database info:
	Database JDBC URL [jdbc:postgresql://localhost:5432/family-league]
	Database driver: PostgreSQL JDBC Driver
	Database dialect: PostgreSQLDialect
	Database version: 18.3
	Default catalog/schema: family-league/public
	Autocommit mode: undefined/unknown
	Isolation level: READ_COMMITTED [default READ_COMMITTED]
	JDBC fetch size: none
	Pool: DataSourceConnectionProvider
	Minimum pool size: undefined/unknown
	Maximum pool size: undefined/unknown
2026-04-25 14:04:43 [main] INFO  org.hibernate.orm.core - HHH000489: No JTA platform available (set 'hibernate.transaction.jta.platform' to enable JTA platform integration)
2026-04-25 14:04:43 [main] INFO  o.s.o.j.LocalContainerEntityManagerFactoryBean - Initialized JPA EntityManagerFactory for persistence unit 'default'
2026-04-25 14:04:43 [main] INFO  o.s.d.j.r.q.QueryEnhancerFactories - Hibernate is in classpath; If applicable, HQL parser will be used.
2026-04-25 14:04:43 [main] DEBUG c.f.auth.security.JwtAuthFilter - Filter 'jwtAuthFilter' configured for use
2026-04-25 14:04:43 [main] INFO  o.s.s.c.a.a.c.InitializeAuthenticationProviderBeanManagerConfigurer$InitializeAuthenticationProviderManagerConfigurer - Global AuthenticationManager configured with AuthenticationProvider bean with name authenticationProvider
2026-04-25 14:04:43 [main] WARN  o.s.s.c.a.a.c.InitializeUserDetailsBeanManagerConfigurer$InitializeUserDetailsManagerConfigurer - Global AuthenticationManager configured with an AuthenticationProvider bean. UserDetailsService beans will not be used by Spring Security for automatically configuring username/password login. Consider removing the AuthenticationProvider bean. Alternatively, consider using the UserDetailsService in a manually instantiated DaoAuthenticationProvider. If the current configuration is intentional, to turn off this warning, increase the logging level of 'org.springframework.security.config.annotation.authentication.configuration.InitializeUserDetailsBeanManagerConfigurer' to ERROR
2026-04-25 14:04:44 [main] WARN  o.s.b.j.a.JpaBaseConfiguration$JpaWebConfiguration - spring.jpa.open-in-view is enabled by default. Therefore, database queries may be performed during view rendering. Explicitly configure spring.jpa.open-in-view to disable this warning
2026-04-25 14:04:45 [main] INFO  o.s.b.a.e.web.EndpointLinksResolver - Exposing 3 endpoints beneath base path '/actuator'
2026-04-25 14:04:45 [main] WARN  o.s.b.w.s.s.c.AnnotationConfigServletWebServerApplicationContext - Exception encountered during context initialization - cancelling refresh attempt: org.springframework.context.ApplicationContextException: Failed to start bean 'webServerStartStop'
2026-04-25 14:04:45 [main] INFO  o.s.o.j.LocalContainerEntityManagerFactoryBean - Closing JPA EntityManagerFactory for persistence unit 'default'
2026-04-25 14:04:45 [main] INFO  com.zaxxer.hikari.HikariDataSource - HikariPool-1 - Shutdown initiated...
2026-04-25 14:04:45 [main] INFO  com.zaxxer.hikari.HikariDataSource - HikariPool-1 - Shutdown completed.
2026-04-25 14:04:45 [main] INFO  o.s.b.a.l.ConditionEvaluationReportLogger - 

Error starting ApplicationContext. To display the condition evaluation report re-run your application with 'debug' enabled.
2026-04-25 14:04:45 [main] ERROR o.s.b.d.LoggingFailureAnalysisReporter - 

***************************
APPLICATION FAILED TO START
***************************

Description:

Web server failed to start. Port 8080 was already in use.

Action:

Identify and stop the process that's listening on port 8080 or configure this application to listen on another port.

2026-04-25 14:05:09 [scheduling-1] DEBUG c.f.p.s.PredictionLockScheduler - Running prediction lock check
2026-04-25 14:05:46 [main] INFO  c.f.FamilyLeagueApplication - Starting FamilyLeagueApplication using Java 25.0.2 with PID 42882 (/Users/abhilash/Documents/workspace-spring-tools-for-eclipse-5.1.1.RELEASE/FamilyLeague/target/classes started by abhilash in /Users/abhilash/Documents/workspace-spring-tools-for-eclipse-5.1.1.RELEASE/FamilyLeague)
2026-04-25 14:05:46 [main] DEBUG c.f.FamilyLeagueApplication - Running with Spring Boot v4.0.6, Spring v7.0.7
2026-04-25 14:05:46 [main] INFO  c.f.FamilyLeagueApplication - No active profile set, falling back to 1 default profile: "default"
2026-04-25 14:05:46 [main] INFO  o.s.d.r.c.RepositoryConfigurationDelegate - Bootstrapping Spring Data JPA repositories in DEFAULT mode.
2026-04-25 14:05:47 [main] INFO  o.s.d.r.c.RepositoryConfigurationDelegate - Finished Spring Data repository scanning in 50 ms. Found 15 JPA repository interfaces.
2026-04-25 14:05:47 [main] INFO  o.s.boot.tomcat.TomcatWebServer - Tomcat initialized with port 8080 (http)
2026-04-25 14:05:47 [main] INFO  o.a.catalina.core.StandardService - Starting service [Tomcat]
2026-04-25 14:05:47 [main] INFO  o.a.catalina.core.StandardEngine - Starting Servlet engine: [Apache Tomcat/11.0.21]
2026-04-25 14:05:47 [main] INFO  o.s.b.w.c.s.WebApplicationContextInitializer - Root WebApplicationContext: initialization completed in 1342 ms
2026-04-25 14:05:47 [main] INFO  org.hibernate.orm.jpa - HHH008540: Processing PersistenceUnitInfo [name: default]
2026-04-25 14:05:47 [main] INFO  org.hibernate.orm.core - HHH000001: Hibernate ORM core version 7.2.12.Final
2026-04-25 14:05:48 [main] INFO  o.s.o.j.p.SpringPersistenceUnitInfo - No LoadTimeWeaver setup: ignoring JPA class transformer
2026-04-25 14:05:48 [main] INFO  com.zaxxer.hikari.HikariDataSource - HikariPool-1 - Starting...
2026-04-25 14:05:48 [main] INFO  com.zaxxer.hikari.pool.HikariPool - HikariPool-1 - Added connection org.postgresql.jdbc.PgConnection@52f7fa65
2026-04-25 14:05:48 [main] INFO  com.zaxxer.hikari.HikariDataSource - HikariPool-1 - Start completed.
2026-04-25 14:05:48 [main] WARN  org.hibernate.orm.deprecation - HHH90000025: PostgreSQLDialect does not need to be specified explicitly using 'hibernate.dialect' (remove the property setting and it will be selected by default)
2026-04-25 14:05:48 [main] INFO  o.hibernate.orm.connections.pooling - HHH10001005: Database info:
	Database JDBC URL [jdbc:postgresql://localhost:5432/family-league]
	Database driver: PostgreSQL JDBC Driver
	Database dialect: PostgreSQLDialect
	Database version: 18.3
	Default catalog/schema: family-league/public
	Autocommit mode: undefined/unknown
	Isolation level: READ_COMMITTED [default READ_COMMITTED]
	JDBC fetch size: none
	Pool: DataSourceConnectionProvider
	Minimum pool size: undefined/unknown
	Maximum pool size: undefined/unknown
2026-04-25 14:05:48 [main] INFO  org.hibernate.orm.core - HHH000489: No JTA platform available (set 'hibernate.transaction.jta.platform' to enable JTA platform integration)
2026-04-25 14:05:48 [main] INFO  o.s.o.j.LocalContainerEntityManagerFactoryBean - Initialized JPA EntityManagerFactory for persistence unit 'default'
2026-04-25 14:05:49 [main] INFO  o.s.d.j.r.q.QueryEnhancerFactories - Hibernate is in classpath; If applicable, HQL parser will be used.
2026-04-25 14:05:49 [main] DEBUG c.f.auth.security.JwtAuthFilter - Filter 'jwtAuthFilter' configured for use
2026-04-25 14:05:49 [main] INFO  o.s.s.c.a.a.c.InitializeAuthenticationProviderBeanManagerConfigurer$InitializeAuthenticationProviderManagerConfigurer - Global AuthenticationManager configured with AuthenticationProvider bean with name authenticationProvider
2026-04-25 14:05:49 [main] WARN  o.s.s.c.a.a.c.InitializeUserDetailsBeanManagerConfigurer$InitializeUserDetailsManagerConfigurer - Global AuthenticationManager configured with an AuthenticationProvider bean. UserDetailsService beans will not be used by Spring Security for automatically configuring username/password login. Consider removing the AuthenticationProvider bean. Alternatively, consider using the UserDetailsService in a manually instantiated DaoAuthenticationProvider. If the current configuration is intentional, to turn off this warning, increase the logging level of 'org.springframework.security.config.annotation.authentication.configuration.InitializeUserDetailsBeanManagerConfigurer' to ERROR
2026-04-25 14:05:50 [main] WARN  o.s.b.j.a.JpaBaseConfiguration$JpaWebConfiguration - spring.jpa.open-in-view is enabled by default. Therefore, database queries may be performed during view rendering. Explicitly configure spring.jpa.open-in-view to disable this warning
2026-04-25 14:05:50 [main] INFO  o.s.b.a.e.web.EndpointLinksResolver - Exposing 3 endpoints beneath base path '/actuator'
2026-04-25 14:05:51 [main] INFO  o.s.boot.tomcat.TomcatWebServer - Tomcat started on port 8080 (http) with context path '/'
2026-04-25 14:05:51 [main] INFO  c.f.FamilyLeagueApplication - Started FamilyLeagueApplication in 5.05 seconds (process running for 5.272)
2026-04-25 14:05:51 [scheduling-1] DEBUG c.f.p.s.PredictionLockScheduler - Running prediction lock check
2026-04-25 14:06:01 [http-nio-8080-exec-1] INFO  o.a.c.c.C.[Tomcat].[localhost].[/] - Initializing Spring DispatcherServlet 'dispatcherServlet'
2026-04-25 14:06:01 [http-nio-8080-exec-1] INFO  o.s.web.servlet.DispatcherServlet - Initializing Servlet 'dispatcherServlet'
2026-04-25 14:06:01 [http-nio-8080-exec-1] INFO  o.s.web.servlet.DispatcherServlet - Completed initialization in 6 ms
2026-04-25 14:06:51 [scheduling-1] DEBUG c.f.p.s.PredictionLockScheduler - Running prediction lock check
2026-04-25 14:07:51 [scheduling-1] DEBUG c.f.p.s.PredictionLockScheduler - Running prediction lock check
2026-04-25 14:08:51 [scheduling-1] DEBUG c.f.p.s.PredictionLockScheduler - Running prediction lock check
2026-04-25 14:09:51 [scheduling-1] DEBUG c.f.p.s.PredictionLockScheduler - Running prediction lock check
2026-04-25 14:10:27 [SpringApplicationShutdownHook] INFO  o.s.boot.tomcat.GracefulShutdown - Commencing graceful shutdown. Waiting for active requests to complete
2026-04-25 14:10:27 [tomcat-shutdown] INFO  o.s.boot.tomcat.GracefulShutdown - Graceful shutdown complete
2026-04-25 14:10:27 [SpringApplicationShutdownHook] INFO  o.s.o.j.LocalContainerEntityManagerFactoryBean - Closing JPA EntityManagerFactory for persistence unit 'default'
2026-04-25 14:10:27 [SpringApplicationShutdownHook] INFO  com.zaxxer.hikari.HikariDataSource - HikariPool-1 - Shutdown initiated...
2026-04-25 14:10:27 [SpringApplicationShutdownHook] INFO  com.zaxxer.hikari.HikariDataSource - HikariPool-1 - Shutdown completed.
2026-04-25 14:10:37 [main] INFO  c.f.FamilyLeagueApplication - Starting FamilyLeagueApplication using Java 25.0.2 with PID 45001 (/Users/abhilash/Documents/workspace-spring-tools-for-eclipse-5.1.1.RELEASE/FamilyLeague/target/classes started by abhilash in /Users/abhilash/Documents/workspace-spring-tools-for-eclipse-5.1.1.RELEASE/FamilyLeague)
2026-04-25 14:10:37 [main] DEBUG c.f.FamilyLeagueApplication - Running with Spring Boot v4.0.6, Spring v7.0.7
2026-04-25 14:10:37 [main] INFO  c.f.FamilyLeagueApplication - No active profile set, falling back to 1 default profile: "default"
2026-04-25 14:10:38 [main] INFO  o.s.d.r.c.RepositoryConfigurationDelegate - Bootstrapping Spring Data JPA repositories in DEFAULT mode.
2026-04-25 14:10:38 [main] INFO  o.s.d.r.c.RepositoryConfigurationDelegate - Finished Spring Data repository scanning in 58 ms. Found 15 JPA repository interfaces.
2026-04-25 14:10:38 [main] INFO  o.s.boot.tomcat.TomcatWebServer - Tomcat initialized with port 8080 (http)
2026-04-25 14:10:38 [main] INFO  o.a.catalina.core.StandardService - Starting service [Tomcat]
2026-04-25 14:10:38 [main] INFO  o.a.catalina.core.StandardEngine - Starting Servlet engine: [Apache Tomcat/11.0.21]
2026-04-25 14:10:38 [main] INFO  o.s.b.w.c.s.WebApplicationContextInitializer - Root WebApplicationContext: initialization completed in 1443 ms
2026-04-25 14:10:38 [main] INFO  org.hibernate.orm.jpa - HHH008540: Processing PersistenceUnitInfo [name: default]
2026-04-25 14:10:38 [main] INFO  org.hibernate.orm.core - HHH000001: Hibernate ORM core version 7.2.12.Final
2026-04-25 14:10:39 [main] INFO  o.s.o.j.p.SpringPersistenceUnitInfo - No LoadTimeWeaver setup: ignoring JPA class transformer
2026-04-25 14:10:39 [main] INFO  com.zaxxer.hikari.HikariDataSource - HikariPool-1 - Starting...
2026-04-25 14:10:39 [main] INFO  com.zaxxer.hikari.pool.HikariPool - HikariPool-1 - Added connection org.postgresql.jdbc.PgConnection@52f7fa65
2026-04-25 14:10:39 [main] INFO  com.zaxxer.hikari.HikariDataSource - HikariPool-1 - Start completed.
2026-04-25 14:10:39 [main] WARN  org.hibernate.orm.deprecation - HHH90000025: PostgreSQLDialect does not need to be specified explicitly using 'hibernate.dialect' (remove the property setting and it will be selected by default)
2026-04-25 14:10:39 [main] INFO  o.hibernate.orm.connections.pooling - HHH10001005: Database info:
	Database JDBC URL [jdbc:postgresql://localhost:5432/family-league]
	Database driver: PostgreSQL JDBC Driver
	Database dialect: PostgreSQLDialect
	Database version: 18.3
	Default catalog/schema: family-league/public
	Autocommit mode: undefined/unknown
	Isolation level: READ_COMMITTED [default READ_COMMITTED]
	JDBC fetch size: none
	Pool: DataSourceConnectionProvider
	Minimum pool size: undefined/unknown
	Maximum pool size: undefined/unknown
2026-04-25 14:10:40 [main] INFO  org.hibernate.orm.core - HHH000489: No JTA platform available (set 'hibernate.transaction.jta.platform' to enable JTA platform integration)
2026-04-25 14:10:40 [main] INFO  o.s.o.j.LocalContainerEntityManagerFactoryBean - Initialized JPA EntityManagerFactory for persistence unit 'default'
2026-04-25 14:10:40 [main] INFO  o.s.d.j.r.q.QueryEnhancerFactories - Hibernate is in classpath; If applicable, HQL parser will be used.
2026-04-25 14:10:40 [main] DEBUG c.f.auth.security.JwtAuthFilter - Filter 'jwtAuthFilter' configured for use
2026-04-25 14:10:40 [main] INFO  o.s.s.c.a.a.c.InitializeAuthenticationProviderBeanManagerConfigurer$InitializeAuthenticationProviderManagerConfigurer - Global AuthenticationManager configured with AuthenticationProvider bean with name authenticationProvider
2026-04-25 14:10:40 [main] WARN  o.s.s.c.a.a.c.InitializeUserDetailsBeanManagerConfigurer$InitializeUserDetailsManagerConfigurer - Global AuthenticationManager configured with an AuthenticationProvider bean. UserDetailsService beans will not be used by Spring Security for automatically configuring username/password login. Consider removing the AuthenticationProvider bean. Alternatively, consider using the UserDetailsService in a manually instantiated DaoAuthenticationProvider. If the current configuration is intentional, to turn off this warning, increase the logging level of 'org.springframework.security.config.annotation.authentication.configuration.InitializeUserDetailsBeanManagerConfigurer' to ERROR
2026-04-25 14:10:41 [main] WARN  o.s.b.j.a.JpaBaseConfiguration$JpaWebConfiguration - spring.jpa.open-in-view is enabled by default. Therefore, database queries may be performed during view rendering. Explicitly configure spring.jpa.open-in-view to disable this warning
2026-04-25 14:10:42 [main] INFO  o.s.b.a.e.web.EndpointLinksResolver - Exposing 3 endpoints beneath base path '/actuator'
2026-04-25 14:10:42 [main] INFO  o.s.boot.tomcat.TomcatWebServer - Tomcat started on port 8080 (http) with context path '/'
2026-04-25 14:10:42 [main] INFO  c.f.FamilyLeagueApplication - Started FamilyLeagueApplication in 5.23 seconds (process running for 5.55)
2026-04-25 14:10:42 [scheduling-1] DEBUG c.f.p.s.PredictionLockScheduler - Running prediction lock check
2026-04-25 14:10:59 [http-nio-8080-exec-1] INFO  o.a.c.c.C.[Tomcat].[localhost].[/] - Initializing Spring DispatcherServlet 'dispatcherServlet'
2026-04-25 14:10:59 [http-nio-8080-exec-1] INFO  o.s.web.servlet.DispatcherServlet - Initializing Servlet 'dispatcherServlet'
2026-04-25 14:10:59 [http-nio-8080-exec-1] INFO  o.s.web.servlet.DispatcherServlet - Completed initialization in 3 ms
2026-04-25 14:11:42 [scheduling-1] DEBUG c.f.p.s.PredictionLockScheduler - Running prediction lock check
2026-04-25 14:11:53 [http-nio-8080-exec-2] INFO  c.f.auth.service.AuthService - User logged in: admin
2026-04-25 14:12:42 [scheduling-1] DEBUG c.f.p.s.PredictionLockScheduler - Running prediction lock check
2026-04-25 14:13:42 [scheduling-1] DEBUG c.f.p.s.PredictionLockScheduler - Running prediction lock check
2026-04-25 14:14:42 [scheduling-1] DEBUG c.f.p.s.PredictionLockScheduler - Running prediction lock check
2026-04-25 14:15:42 [scheduling-1] DEBUG c.f.p.s.PredictionLockScheduler - Running prediction lock check
2026-04-25 14:16:42 [scheduling-1] DEBUG c.f.p.s.PredictionLockScheduler - Running prediction lock check
2026-04-25 14:17:42 [scheduling-1] DEBUG c.f.p.s.PredictionLockScheduler - Running prediction lock check
2026-04-25 14:18:42 [scheduling-1] DEBUG c.f.p.s.PredictionLockScheduler - Running prediction lock check
2026-04-25 14:19:42 [scheduling-1] DEBUG c.f.p.s.PredictionLockScheduler - Running prediction lock check
2026-04-25 14:20:42 [scheduling-1] DEBUG c.f.p.s.PredictionLockScheduler - Running prediction lock check
2026-04-25 14:21:42 [scheduling-1] DEBUG c.f.p.s.PredictionLockScheduler - Running prediction lock check
2026-04-25 14:22:42 [scheduling-1] DEBUG c.f.p.s.PredictionLockScheduler - Running prediction lock check
2026-04-25 14:23:42 [scheduling-1] DEBUG c.f.p.s.PredictionLockScheduler - Running prediction lock check
2026-04-25 14:24:42 [scheduling-1] DEBUG c.f.p.s.PredictionLockScheduler - Running prediction lock check
2026-04-25 14:25:42 [scheduling-1] DEBUG c.f.p.s.PredictionLockScheduler - Running prediction lock check
2026-04-25 14:26:42 [scheduling-1] DEBUG c.f.p.s.PredictionLockScheduler - Running prediction lock check
2026-04-25 14:27:42 [scheduling-1] DEBUG c.f.p.s.PredictionLockScheduler - Running prediction lock check
2026-04-25 14:28:42 [scheduling-1] DEBUG c.f.p.s.PredictionLockScheduler - Running prediction lock check
2026-04-25 14:29:42 [scheduling-1] DEBUG c.f.p.s.PredictionLockScheduler - Running prediction lock check
2026-04-25 14:30:42 [scheduling-1] DEBUG c.f.p.s.PredictionLockScheduler - Running prediction lock check
2026-04-25 14:31:42 [scheduling-1] DEBUG c.f.p.s.PredictionLockScheduler - Running prediction lock check
2026-04-25 14:32:42 [scheduling-1] DEBUG c.f.p.s.PredictionLockScheduler - Running prediction lock check
2026-04-25 14:33:42 [scheduling-1] DEBUG c.f.p.s.PredictionLockScheduler - Running prediction lock check
2026-04-25 14:34:42 [scheduling-1] DEBUG c.f.p.s.PredictionLockScheduler - Running prediction lock check
2026-04-25 14:35:42 [scheduling-1] DEBUG c.f.p.s.PredictionLockScheduler - Running prediction lock check
2026-04-25 14:36:42 [scheduling-1] DEBUG c.f.p.s.PredictionLockScheduler - Running prediction lock check
2026-04-25 14:37:42 [scheduling-1] DEBUG c.f.p.s.PredictionLockScheduler - Running prediction lock check
